<?xml version="1.0" encoding="UTF-8"?>
<!-- Generated by org.testng.reporters.JUnitReportReporter -->
<testsuite hostname="DESKTOP-TJVM91P" failures="0" tests="3" name="test.Test17_TestNGDependencyDemo" time="0.008" errors="0" timestamp="2021-07-17T14:10:31 BST" skipped="0">
  <testcase classname="test.Test17_TestNGDependencyDemo" name="test1" time="0.001"/>
  <system-out/>
  <testcase classname="test.Test17_TestNGDependencyDemo" name="test2" time="0.007"/>
  <system-out/>
  <testcase classname="test.Test17_TestNGDependencyDemo" name="test3" time="0.000"/>
  <system-out/>
</testsuite> <!-- test.Test17_TestNGDependencyDemo -->
