<?xml version="1.0" encoding="UTF-8"?>
<!-- Generated by org.testng.reporters.JUnitReportReporter -->
<testsuite hostname="DESKTOP-TJVM91P" failures="0" tests="1" name="test.Test24_AutoIDDemo" time="29.370" errors="0" timestamp="2021-07-18T21:21:29 BST" skipped="0">
  <testcase classname="test.Test24_AutoIDDemo" name="test" time="29.370"/>
  <system-out/>
</testsuite> <!-- test.Test24_AutoIDDemo -->
