<?xml version="1.0" encoding="UTF-8"?>
<!-- Generated by org.testng.reporters.JUnitReportReporter -->
<testsuite hostname="DESKTOP-TJVM91P" failures="0" tests="1" name="utils.ExcelDataProvider" time="15.093" errors="0" timestamp="2021-07-15T11:14:44 BST" skipped="0">
  <testcase classname="utils.ExcelDataProvider" name="test1" time="15.093"/>
  <system-out/>
</testsuite> <!-- utils.ExcelDataProvider -->
