<?xml version="1.0" encoding="UTF-8"?>
<!-- Generated by org.testng.reporters.JUnitReportReporter -->
<testsuite hostname="DESKTOP-TJVM91P" failures="0" tests="2" name="test.Test15_TestNGGroupDemo" time="0.008" errors="0" timestamp="2021-07-16T17:03:18 BST" skipped="0">
  <testcase classname="test.Test15_TestNGGroupDemo" name="test1" time="0.007"/>
  <system-out/>
  <testcase classname="test.Test15_TestNGGroupDemo" name="test2" time="0.001"/>
  <system-out/>
</testsuite> <!-- test.Test15_TestNGGroupDemo -->
