<?xml version="1.0" encoding="UTF-8"?>
<!-- Generated by org.testng.reporters.JUnitReportReporter -->
<testsuite hostname="DESKTOP-TJVM91P" failures="0" tests="1" name="test.Test16_TestNGPatametersDemo" time="0.007" errors="0" timestamp="2021-07-17T13:49:24 BST" skipped="0">
  <testcase classname="test.Test16_TestNGPatametersDemo" name="test" time="0.007"/>
  <system-out/>
</testsuite> <!-- test.Test16_TestNGPatametersDemo -->
