<?xml version="1.0" encoding="UTF-8"?>
<!-- Generated by org.testng.reporters.JUnitReportReporter -->
<testsuite hostname="DESKTOP-TJVM91P" failures="0" tests="1" name="test.Test04_DuckDuckGoTestUsingPageObjectTestNG" time="8.305" errors="0" timestamp="2021-07-18T13:39:57 BST" skipped="0">
  <testcase classname="test.Test04_DuckDuckGoTestUsingPageObjectTestNG" name="duckDuckGoSearchTest01" time="8.305"/>
  <system-out/>
</testsuite> <!-- test.Test04_DuckDuckGoTestUsingPageObjectTestNG -->
