<?xml version="1.0" encoding="UTF-8"?>
<!-- Generated by org.testng.reporters.JUnitReportReporter -->
<testsuite hostname="DESKTOP-TJVM91P" failures="0" tests="3" name="test.Test13_TestNGPriorityDemo" time="0.009" errors="0" timestamp="2021-07-16T11:27:16 BST" skipped="0">
  <testcase classname="test.Test13_TestNGPriorityDemo" name="two" time="0.001"/>
  <system-out/>
  <testcase classname="test.Test13_TestNGPriorityDemo" name="one" time="0.007"/>
  <system-out/>
  <testcase classname="test.Test13_TestNGPriorityDemo" name="three" time="0.001"/>
  <system-out/>
</testsuite> <!-- test.Test13_TestNGPriorityDemo -->
